0 info it worked if it ends with ok
1 verbose cli [ 'node', '/usr/local/bin/npm', 'update', '-g', 'yo' ]
2 info using npm@1.4.21
3 info using node@v0.10.30
4 verbose request where is /yo
5 verbose request registry https://registry.npmjs.org/
6 verbose request id ef64f64d39787a54
7 verbose url raw /yo
8 verbose url resolving [ 'https://registry.npmjs.org/', './yo' ]
9 verbose url resolved https://registry.npmjs.org/yo
10 verbose request where is https://registry.npmjs.org/yo
11 info trying registry request attempt 1 at 13:38:08
12 http GET https://registry.npmjs.org/yo
13 http 200 https://registry.npmjs.org/yo
14 silly registry.get cb [ 200,
14 silly registry.get   { date: 'Sun, 15 Feb 2015 12:38:09 GMT',
14 silly registry.get     server: 'CouchDB/1.6.1 (Erlang OTP/R14B04)',
14 silly registry.get     etag: '"DXB8MDWPDSTCV9EYIQRNKU9S0"',
14 silly registry.get     'content-type': 'application/json',
14 silly registry.get     'cache-control': 'max-age=60',
14 silly registry.get     'content-length': '28415',
14 silly registry.get     'accept-ranges': 'bytes',
14 silly registry.get     via: '1.1 varnish',
14 silly registry.get     age: '0',
14 silly registry.get     'x-served-by': 'cache-fra1239-FRA',
14 silly registry.get     'x-cache': 'HIT',
14 silly registry.get     'x-cache-hits': '1',
14 silly registry.get     'x-timer': 'S1424003889.564487,VS0,VE176',
14 silly registry.get     vary: 'Accept',
14 silly registry.get     'keep-alive': 'timeout=10, max=50',
14 silly registry.get     connection: 'Keep-Alive' } ]
15 info outdated updating [ [ '/usr/local/lib', 'yo', '1.3.2', '1.4.5', '1.4.5', 'latest' ] ]
16 verbose install where,what [ '/usr/local/lib', [ 'yo@1.4.5' ] ]
17 verbose cache add [ 'yo@1.4.5', null ]
18 verbose cache add name=undefined spec="yo@1.4.5" args=["yo@1.4.5",null]
19 verbose parsed url { protocol: null,
19 verbose parsed url   slashes: null,
19 verbose parsed url   auth: null,
19 verbose parsed url   host: null,
19 verbose parsed url   port: null,
19 verbose parsed url   hostname: null,
19 verbose parsed url   hash: null,
19 verbose parsed url   search: null,
19 verbose parsed url   query: null,
19 verbose parsed url   pathname: 'yo@1.4.5',
19 verbose parsed url   path: 'yo@1.4.5',
19 verbose parsed url   href: 'yo@1.4.5' }
20 verbose cache add name="yo" spec="1.4.5" args=["yo","1.4.5"]
21 verbose parsed url { protocol: null,
21 verbose parsed url   slashes: null,
21 verbose parsed url   auth: null,
21 verbose parsed url   host: null,
21 verbose parsed url   port: null,
21 verbose parsed url   hostname: null,
21 verbose parsed url   hash: null,
21 verbose parsed url   search: null,
21 verbose parsed url   query: null,
21 verbose parsed url   pathname: '1.4.5',
21 verbose parsed url   path: '1.4.5',
21 verbose parsed url   href: '1.4.5' }
22 verbose addNamed [ 'yo', '1.4.5' ]
23 verbose addNamed [ '1.4.5', '1.4.5' ]
24 silly lockFile cf639607-yo-1-4-5 yo@1.4.5
25 verbose lock yo@1.4.5 /Users/robin/.npm/cf639607-yo-1-4-5.lock
26 verbose request where is /yo
27 verbose request registry https://registry.npmjs.org/
28 verbose url raw /yo
29 verbose url resolving [ 'https://registry.npmjs.org/', './yo' ]
30 verbose url resolved https://registry.npmjs.org/yo
31 verbose request where is https://registry.npmjs.org/yo
32 info trying registry request attempt 1 at 13:38:29
33 verbose etag "DXB8MDWPDSTCV9EYIQRNKU9S0"
34 http GET https://registry.npmjs.org/yo
35 http 304 https://registry.npmjs.org/yo
36 silly registry.get cb [ 304,
36 silly registry.get   { date: 'Sun, 15 Feb 2015 12:38:29 GMT',
36 silly registry.get     server: 'Apache',
36 silly registry.get     via: '1.1 varnish',
36 silly registry.get     'last-modified': 'Sun, 15 Feb 2015 12:38:29 GMT',
36 silly registry.get     'cache-control': 'max-age=60',
36 silly registry.get     etag: '"DXB8MDWPDSTCV9EYIQRNKU9S0"',
36 silly registry.get     age: '20',
36 silly registry.get     'x-served-by': 'cache-fra1242-FRA',
36 silly registry.get     'x-cache': 'HIT',
36 silly registry.get     'x-cache-hits': '1',
36 silly registry.get     'x-timer': 'S1424003909.750968,VS0,VE0',
36 silly registry.get     vary: 'Accept',
36 silly registry.get     'content-length': '0',
36 silly registry.get     'keep-alive': 'timeout=10, max=50',
36 silly registry.get     connection: 'Keep-Alive' } ]
37 verbose etag https://registry.npmjs.org/yo from cache
38 silly lockFile f86ea50a-gistry-npmjs-org-yo-yo-1-4-5-tgz https://registry.npmjs.org/yo/-/yo-1.4.5.tgz
39 verbose lock https://registry.npmjs.org/yo/-/yo-1.4.5.tgz /Users/robin/.npm/f86ea50a-gistry-npmjs-org-yo-yo-1-4-5-tgz.lock
40 verbose addRemoteTarball [ 'https://registry.npmjs.org/yo/-/yo-1.4.5.tgz',
40 verbose addRemoteTarball   'd7b66bb9079db2412178409c9709be687435cc02' ]
41 info retry fetch attempt 1 at 13:38:29
42 verbose fetch to= /var/folders/rb/57yd6dvs4jj5194l587dj_m40000gt/T/npm-6599-1wAY0Y44/registry.npmjs.org/yo/-/yo-1.4.5.tgz
43 http GET https://registry.npmjs.org/yo/-/yo-1.4.5.tgz
44 http 200 https://registry.npmjs.org/yo/-/yo-1.4.5.tgz
45 silly lockFile f86ea50a-gistry-npmjs-org-yo-yo-1-4-5-tgz https://registry.npmjs.org/yo/-/yo-1.4.5.tgz
46 silly lockFile f86ea50a-gistry-npmjs-org-yo-yo-1-4-5-tgz https://registry.npmjs.org/yo/-/yo-1.4.5.tgz
47 silly lockFile cf639607-yo-1-4-5 yo@1.4.5
48 silly lockFile cf639607-yo-1-4-5 yo@1.4.5
49 silly resolved [ { name: 'yo',
49 silly resolved     version: '1.4.5',
49 silly resolved     description: 'CLI tool for running Yeoman generators',
49 silly resolved     license: 'BSD',
49 silly resolved     bin: { yo: 'lib/cli.js' },
49 silly resolved     author: { name: 'Yeoman team' },
49 silly resolved     repository: { type: 'git', url: 'https://github.com/yeoman/yo' },
49 silly resolved     engines: { node: '>=0.10.0', npm: '>=2.1.0' },
49 silly resolved     scripts:
49 silly resolved      { test: 'jshint . && mocha test/**/*.js',
49 silly resolved        postinstall: 'yodoctor',
49 silly resolved        postupdate: 'yodoctor',
49 silly resolved        prepublish: 'nsp audit-package' },
49 silly resolved     files: [ 'lib' ],
49 silly resolved     keywords:
49 silly resolved      [ 'cli-app',
49 silly resolved        'cli',
49 silly resolved        'bin',
49 silly resolved        'front-end',
49 silly resolved        'development',
49 silly resolved        'dev',
49 silly resolved        'build',
49 silly resolved        'web',
49 silly resolved        'tool',
49 silly resolved        'scaffold',
49 silly resolved        'stack',
49 silly resolved        'yeoman',
49 silly resolved        'generator',
49 silly resolved        'generate',
49 silly resolved        'app',
49 silly resolved        'boilerplate' ],
49 silly resolved     dependencies:
49 silly resolved      { 'array-uniq': '^1.0.2',
49 silly resolved        async: '^0.9.0',
49 silly resolved        chalk: '^0.5.1',
49 silly resolved        configstore: '^0.3.1',
49 silly resolved        'cross-spawn': '^0.2.3',
49 silly resolved        figures: '^1.3.5',
49 silly resolved        findup: '^0.1.5',
49 silly resolved        fullname: '^1.0.0',
49 silly resolved        'humanize-string': '^1.0.0',
49 silly resolved        inquirer: '^0.8.0',
49 silly resolved        insight: '^0.5.0',
49 silly resolved        lodash: '^2.4.1',
49 silly resolved        meow: '^3.0.0',
49 silly resolved        'npm-keyword': '^1.0.1',
49 silly resolved        opn: '^1.0.0',
49 silly resolved        'package-json': '^1.0.1',
49 silly resolved        'root-check': '^1.0.0',
49 silly resolved        'sort-on': '^1.0.0',
49 silly resolved        'string-length': '^1.0.0',
49 silly resolved        titleize: '^1.0.0',
49 silly resolved        'update-notifier': '^0.3.0',
49 silly resolved        'user-home': '^1.1.0',
49 silly resolved        'yeoman-character': '^1.0.0',
49 silly resolved        'yeoman-doctor': '^1.0.0',
49 silly resolved        'yeoman-environment': '^1.0.1',
49 silly resolved        yosay: '^1.0.0' },
49 silly resolved     devDependencies:
49 silly resolved      { jshint: '^2.5.11',
49 silly resolved        mocha: '^2.1.0',
49 silly resolved        mockery: '^1.4.0',
49 silly resolved        nock: '^0.57.0',
49 silly resolved        nsp: '*',
49 silly resolved        proxyquire: '^1.0.1',
49 silly resolved        'registry-url': '^2.1.0',
49 silly resolved        sinon: '^1.12.1' },
49 silly resolved     engineStrict: true,
49 silly resolved     preferGlobal: true,
49 silly resolved     gitHead: 'c9194535c38b1a684b20a4a642190b9c293b01c1',
49 silly resolved     bugs: { url: 'https://github.com/yeoman/yo/issues' },
49 silly resolved     homepage: 'https://github.com/yeoman/yo',
49 silly resolved     _id: 'yo@1.4.5',
49 silly resolved     _shasum: 'd7b66bb9079db2412178409c9709be687435cc02',
49 silly resolved     _from: 'yo@1.4.5',
49 silly resolved     _npmVersion: '1.4.28',
49 silly resolved     _npmUser: { name: 'sindresorhus', email: 'sindresorhus@gmail.com' },
49 silly resolved     maintainers: [ [Object], [Object], [Object], [Object], [Object], [Object] ],
49 silly resolved     dist:
49 silly resolved      { shasum: 'd7b66bb9079db2412178409c9709be687435cc02',
49 silly resolved        tarball: 'http://registry.npmjs.org/yo/-/yo-1.4.5.tgz' },
49 silly resolved     directories: {},
49 silly resolved     _resolved: 'https://registry.npmjs.org/yo/-/yo-1.4.5.tgz' } ]
50 info install yo@1.4.5 into /usr/local/lib
51 info installOne yo@1.4.5
52 error notsup Unsupported
52 error notsup Not compatible with your version of node/npm: yo@1.4.5
52 error notsup Required: {"node":">=0.10.0","npm":">=2.1.0"}
52 error notsup Actual:   {"npm":"1.4.21","node":"0.10.30"}
53 error System Darwin 14.0.0
54 error command "node" "/usr/local/bin/npm" "update" "-g" "yo"
55 error cwd /Users/robin/sites/der-clean
56 error node -v v0.10.30
57 error npm -v 1.4.21
58 error code ENOTSUP
59 verbose exit [ 1, true ]
